[INFO] 02:49:54:992 Loggito/(8642:8642): Log creado con exito en la carpeta client :)
[INFO] 02:52:25:738 Loggito/(8723:8723): Log creado con exito en la carpeta client :)
[INFO] 02:54:43:881 Loggito/(8783:8783): Log creado con exito en la carpeta client :)
[INFO] 02:57:47:521 Loggito/(8899:8899): Log creado con exito en la carpeta client :)
[INFO] 03:04:55:865 Loggito/(8962:8962): Log creado con exito en la carpeta client :)
[INFO] 03:12:28:558 Loggito/(9034:9034): Log creado con exito en la carpeta client :)
[INFO] 03:13:59:457 Loggito/(9110:9110): Log creado con exito en la carpeta client :)
[INFO] 03:15:20:972 Loggito/(9186:9186): Log creado con exito en la carpeta client :)
[INFO] 03:16:41:430 Loggito/(9234:9234): Log creado con exito en la carpeta client :)
[INFO] 03:17:05:884 Loggito/(9291:9291): Log creado con exito en la carpeta client :)
[INFO] 03:26:18:592 Loggito/(9472:9472): Log creado con exito en la carpeta client :)
[INFO] 03:31:49:786 Loggito/(9541:9541): Log creado con exito en la carpeta client :)
[INFO] 03:33:53:032 Loggito/(9644:9644): Log creado con exito en la carpeta client :)
[INFO] 03:44:22:937 Loggito/(9802:9802): Log creado con exito en la carpeta client :)
[INFO] 03:44:23:009 Loggito/(9802:9802): Datos de cliente.config: 
 IP: 127.0.0.1 
 CLAVE: valor 
 PUERTO: 4444
[INFO] 04:00:02:482 Loggito/(9907:9907): Log creado con exito en la carpeta client :)
[INFO] 04:00:02:537 Loggito/(9907:9907): Datos de cliente.config: 
 IP: 127.0.0.1 
 CLAVE: valor 
 PUERTO: 4444
[INFO] 04:02:28:231 Loggito/(9982:9982): Log creado con exito en la carpeta client :)
[INFO] 04:02:28:270 Loggito/(9982:9982): Datos de cliente.config: 
 IP: 127.0.0.1 
 CLAVE: valor 
 PUERTO: 4444
[INFO] 04:02:34:681 Loggito/(9982:9982): Los caracteres ingresados por pantalla fueron: 
  fgfgf
[INFO] 04:05:44:856 Loggito/(10015:10015): Log creado con exito en la carpeta client :)
[INFO] 04:05:44:933 Loggito/(10015:10015): Datos de cliente.config: 
 IP: 127.0.0.1 
 CLAVE: valor 
 PUERTO: 4444
[INFO] 04:05:48:579 Loggito/(10015:10015): Los caracteres ingresados por pantalla fueron: 
  dfdf
[INFO] 04:10:30:420 Loggito/(10197:10197): Log creado con exito en la carpeta client :)
[INFO] 04:10:30:541 Loggito/(10197:10197): Datos de cliente.config: 
 IP: 127.0.0.1 
 CLAVE: valor 
 PUERTO: 4444
[INFO] 04:10:36:250 Loggito/(10197:10197): Los caracteres ingresados por pantalla fueron: 
  
[INFO] 04:11:52:148 Loggito/(10265:10265): Log creado con exito en la carpeta client :)
[INFO] 04:11:52:151 Loggito/(10265:10265): Datos de cliente.config: 
 IP: 127.0.0.1 
 CLAVE: valor 
 PUERTO: 4444
[INFO] 04:11:55:269 Loggito/(10265:10265): Los caracteres ingresados por pantalla fueron: 
  
[INFO] 04:14:17:581 Loggito/(10360:10360): Log creado con exito en la carpeta client :)
[INFO] 04:14:17:636 Loggito/(10360:10360): Datos de cliente.config: 
 IP: 127.0.0.1 
 CLAVE: valor 
 PUERTO: 4444
[INFO] 04:14:19:427 Loggito/(10360:10360): Los caracteres ingresados por pantalla fueron: 
  
[INFO] 04:16:48:931 Loggito/(10505:10505): Log creado con exito en la carpeta client :)
[INFO] 04:16:49:069 Loggito/(10505:10505): Datos de cliente.config: 
 IP: 127.0.0.1 
 CLAVE: valor 
 PUERTO: 4444
[INFO] 04:16:53:315 Loggito/(10505:10505): Los caracteres ingresados por pantalla fueron: 
  
[INFO] 04:17:52:260 Loggito/(10567:10567): Log creado con exito en la carpeta client :)
[INFO] 04:17:52:549 Loggito/(10567:10567): Datos de cliente.config: 
 IP: 127.0.0.1 
 CLAVE: valor 
 PUERTO: 4444
[INFO] 04:17:55:179 Loggito/(10567:10567): No se ingreso nada en la cosola
[INFO] 04:21:01:025 Loggito/(10591:10591): Log creado con exito en la carpeta client :)
[INFO] 04:21:01:036 Loggito/(10591:10591): Datos de cliente.config: 
 IP: 127.0.0.1 
 CLAVE: valor 
 PUERTO: 4444
[INFO] 04:21:08:514 Loggito/(10591:10591): Los caracteres ingresados por pantalla fueron: 
  yguyg
[INFO] 20:45:17:398 Loggito/(11382:11382): Log creado con exito en la carpeta client :)
[INFO] 20:45:17:428 Loggito/(11382:11382): Datos de cliente.config: 
 IP: 127.0.0.1 
 CLAVE: valor 
 PUERTO: 4444
[INFO] 20:45:21:186 Loggito/(11382:11382): No se ingreso nada en la cosola
[INFO] 20:52:51:882 Loggito/(11548:11548): Log creado con exito en la carpeta client :)
[INFO] 20:52:52:251 Loggito/(11548:11548): Datos de cliente.config: 
 IP: 127.0.0.1 
 CLAVE: valor 
 PUERTO: 4444
[INFO] 20:55:02:449 Loggito/(11578:11578): Log creado con exito en la carpeta client :)
[INFO] 20:55:02:460 Loggito/(11578:11578): Datos de cliente.config: 
 IP: 127.0.0.1 
 CLAVE: valor 
 PUERTO: 4444
[INFO] 20:56:05:151 Loggito/(11627:11627): Log creado con exito en la carpeta client :)
[INFO] 20:56:05:178 Loggito/(11627:11627): Datos de cliente.config: 
 IP: 127.0.0.1 
 CLAVE: valor 
 PUERTO: 4444
[INFO] 20:58:19:236 Loggito/(11690:11690): Log creado con exito en la carpeta client :)
[INFO] 20:58:19:237 Loggito/(11690:11690): Datos de cliente.config: 
 IP: 127.0.0.1 
 CLAVE: valor 
 PUERTO: 4444
[INFO] 20:58:23:527 Loggito/(11690:11690): Los caracteres ingresados por pantalla fueron: 
  gh
[INFO] 20:58:23:528 Loggito/(11690:11690): Los caracteres ingresados por pantalla fueron: 
  gh
[INFO] 20:58:23:528 Loggito/(11690:11690): Los caracteres ingresados por pantalla fueron: 
  gh
[INFO] 20:58:23:528 Loggito/(11690:11690): Los caracteres ingresados por pantalla fueron: 
  gh
[INFO] 20:58:23:528 Loggito/(11690:11690): Los caracteres ingresados por pantalla fueron: 
  gh
[INFO] 21:11:38:504 Loggito/(11857:11857): Log creado con exito en la carpeta client :)
[INFO] 21:11:38:527 Loggito/(11857:11857): Datos de cliente.config: 
 IP: 127.0.0.1 
 CLAVE: valor 
 PUERTO: 4444
[INFO] 21:11:42:644 Loggito/(11857:11857): Los caracteres ingresados por pantalla fueron: 
  gyhg
[INFO] 21:11:44:460 Loggito/(11857:11857): Los caracteres ingresados por pantalla fueron: 
  ghghg
[INFO] 21:11:45:740 Loggito/(11857:11857): Los caracteres ingresados por pantalla fueron: 
  ghgh
[INFO] 21:11:46:941 Loggito/(11857:11857): Los caracteres ingresados por pantalla fueron: 
  
[INFO] 21:14:05:728 Loggito/(11948:11948): Log creado con exito en la carpeta client :)
[INFO] 21:14:05:738 Loggito/(11948:11948): Datos de cliente.config: 
 IP: 127.0.0.1 
 CLAVE: valor 
 PUERTO: 4444
[INFO] 21:14:24:907 Loggito/(11948:11948): Los caracteres ingresados por pantalla fueron: 
  hghgg
[INFO] 21:14:29:020 Loggito/(11948:11948): Los caracteres ingresados por pantalla fueron: 
  ghghgh
[INFO] 21:14:30:748 Loggito/(11948:11948): Los caracteres ingresados por pantalla fueron: 
  ghgh
[INFO] 21:14:34:309 Loggito/(11948:11948): Los caracteres ingresados por pantalla fueron: 
  
[INFO] 21:14:38:445 Loggito/(11948:11948): Los caracteres ingresados por pantalla fueron: 
  
[INFO] 21:14:39:140 Loggito/(11948:11948): Los caracteres ingresados por pantalla fueron: 
  
[INFO] 21:14:39:484 Loggito/(11948:11948): Los caracteres ingresados por pantalla fueron: 
  
[INFO] 21:14:39:784 Loggito/(11948:11948): Los caracteres ingresados por pantalla fueron: 
  
[INFO] 21:14:39:940 Loggito/(11948:11948): Los caracteres ingresados por pantalla fueron: 
  
[INFO] 21:14:40:172 Loggito/(11948:11948): Los caracteres ingresados por pantalla fueron: 
  
[INFO] 21:14:40:355 Loggito/(11948:11948): Los caracteres ingresados por pantalla fueron: 
  
[INFO] 21:14:40:580 Loggito/(11948:11948): Los caracteres ingresados por pantalla fueron: 
  
[INFO] 21:15:13:183 Loggito/(12006:12006): Log creado con exito en la carpeta client :)
[INFO] 21:15:13:297 Loggito/(12006:12006): Datos de cliente.config: 
 IP: 127.0.0.1 
 CLAVE: valor 
 PUERTO: 4444
[INFO] 21:15:27:661 Loggito/(12006:12006): Los caracteres ingresados por pantalla fueron: 
  ghgh
[INFO] 21:15:29:636 Loggito/(12006:12006): Los caracteres ingresados por pantalla fueron: 
  fgf
[INFO] 21:15:30:628 Loggito/(12006:12006): Los caracteres ingresados por pantalla fueron: 
  
[INFO] 21:15:35:636 Loggito/(12006:12006): Los caracteres ingresados por pantalla fueron: 
  
[INFO] 21:15:36:740 Loggito/(12006:12006): Los caracteres ingresados por pantalla fueron: 
  
[INFO] 21:15:37:228 Loggito/(12006:12006): Los caracteres ingresados por pantalla fueron: 
  
[INFO] 21:15:37:651 Loggito/(12006:12006): Los caracteres ingresados por pantalla fueron: 
  
[INFO] 21:15:37:868 Loggito/(12006:12006): Los caracteres ingresados por pantalla fueron: 
  
[INFO] 21:15:38:012 Loggito/(12006:12006): Los caracteres ingresados por pantalla fueron: 
  
[INFO] 21:16:18:479 Loggito/(12080:12080): Log creado con exito en la carpeta client :)
[INFO] 21:16:18:584 Loggito/(12080:12080): Datos de cliente.config: 
 IP: 127.0.0.1 
 CLAVE: valor 
 PUERTO: 4444
[INFO] 21:16:22:309 Loggito/(12080:12080): Los caracteres ingresados por pantalla fueron: 
  hjh
[INFO] 21:16:23:324 Loggito/(12080:12080): Los caracteres ingresados por pantalla fueron: 
  hjhj
[INFO] 21:16:23:879 Loggito/(12080:12080): Los caracteres ingresados por pantalla fueron: 
  
[INFO] 21:16:23:880 Loggito/(12080:12080): No se ingreso nada en la cosola
[INFO] 01:28:42:594 Loggito/(14388:14388): Log creado con exito en la carpeta client :)
[INFO] 01:28:42:683 Loggito/(14388:14388): Datos de cliente.config: 
 IP: 127.0.0.1 
 CLAVE: valor 
 PUERTO: 4444
[INFO] 01:28:54:093 Loggito/(14388:14388): Los caracteres ingresados por pantalla fueron: 
  m,
[INFO] 01:28:56:733 Loggito/(14388:14388): Los caracteres ingresados por pantalla fueron: 
  kk
[INFO] 01:28:59:591 Loggito/(14388:14388): Los caracteres ingresados por pantalla fueron: 
  jjjj
[INFO] 00:26:15:471 Loggito/(40147:40147): Log creado con exito en la carpeta client :)
[INFO] 00:28:29:413 Loggito/(40220:40220): Log creado con exito en la carpeta client :)
[INFO] 00:28:40:502 Loggito/(40220:40220): Datos de cliente.config: 
 IP: 127.0.0.1 
 CLAVE: valor 
 PUERTO: 4444
[INFO] 00:28:55:750 Loggito/(40220:40220): Los caracteres ingresados por pantalla fueron: 
  uiui
[INFO] 00:28:57:457 Loggito/(40220:40220): Los caracteres ingresados por pantalla fueron: 
  uiui
[INFO] 00:28:58:313 Loggito/(40220:40220): Los caracteres ingresados por pantalla fueron: 
  
[INFO] 00:28:58:313 Loggito/(40220:40220): No se ingreso nada en la cosola
[INFO] 03:49:27:603 Loggito/(41965:41965): Log creado con exito en la carpeta client :)
[INFO] 03:49:33:793 Loggito/(41965:41965): Datos de cliente.config: 
 IP: 127.0.0.1 
 CLAVE: valor 
 PUERTO: 4444
[INFO] 23:09:39:744 Loggito/(43843:43843): Log creado con exito en la carpeta client :)
[INFO] 23:09:39:891 Loggito/(43843:43843): Datos de cliente.config: 
 IP: 127.0.0.1 
 CLAVE: valor 
 PUERTO: 4444
[INFO] 23:25:04:520 Loggito/(43843:43843): Los caracteres ingresados por pantalla fueron: 
  oño
[INFO] 23:25:06:169 Loggito/(43843:43843): Los caracteres ingresados por pantalla fueron: 
  
[INFO] 23:25:06:171 Loggito/(43843:43843): No se ingreso nada en la cosola
[INFO] 23:50:25:624 Loggito/(44681:44681): Log creado con exito en la carpeta client :)
[INFO] 23:50:25:645 Loggito/(44681:44681): Datos de cliente.config: 
 IP: 127.0.0.1 
 CLAVE: valor 
 PUERTO: 4444
[INFO] 23:50:50:492 Loggito/(44681:44681): Los caracteres ingresados por pantalla fueron: 
  l,l
[INFO] 23:50:53:760 Loggito/(44681:44681): Los caracteres ingresados por pantalla fueron: 
  
[INFO] 23:50:53:761 Loggito/(44681:44681): No se ingreso nada en la cosola
[INFO] 00:09:13:817 Loggito/(44789:44789): Log creado con exito en la carpeta client :)
[INFO] 00:09:13:862 Loggito/(44789:44789): Datos de cliente.config: 
 IP: 127.0.0.1 
 CLAVE: valor 
 PUERTO: 4444
[INFO] 00:09:25:331 Loggito/(44789:44789): Los caracteres ingresados por pantalla fueron: 
  
[INFO] 00:09:25:332 Loggito/(44789:44789): No se ingreso nada en la cosola
[INFO] 19:52:54:289 Loggito/(49543:49543): Log creado con exito en la carpeta client :)
[INFO] 19:52:54:352 Loggito/(49543:49543): Datos de cliente.config: 
 IP: 127.0.0.1 
 CLAVE: valor 
 PUERTO: 4444
[INFO] 20:52:35:012 Loggito/(50168:50168): Log creado con exito en la carpeta client :)
[INFO] 20:52:35:050 Loggito/(50168:50168): Datos de cliente.config: 
 IP: 127.0.0.1 
 CLAVE: valor 
 PUERTO: 4444
[INFO] 20:53:24:341 Loggito/(50168:50168): Los caracteres ingresados por pantalla fueron:  4 

[INFO] 20:53:34:852 Loggito/(50168:50168): Los caracteres ingresados por pantalla fueron:  4 

[INFO] 20:53:39:195 Loggito/(50168:50168): Los caracteres ingresados por pantalla fueron:  24 

[INFO] 20:55:09:189 Loggito/(50168:50168): Los caracteres ingresados por pantalla fueron:  5 

[INFO] 20:57:19:379 Loggito/(50209:50209): Log creado con exito en la carpeta client :)
[INFO] 20:57:54:709 Loggito/(50209:50209): Datos de cliente.config: 
 IP: 127.0.0.1 
 CLAVE: valor 
 PUERTO: 4444
[INFO] 20:58:24:307 Loggito/(50209:50209): Los caracteres ingresados por pantalla fueron:  7 

[INFO] 20:58:35:259 Loggito/(50209:50209): Los caracteres ingresados por pantalla fueron:  8 

[INFO] 20:58:37:653 Loggito/(50209:50209): Los caracteres ingresados por pantalla fueron:  6 

[INFO] 21:00:44:501 Loggito/(50286:50286): Log creado con exito en la carpeta client :)
[INFO] 21:00:54:363 Loggito/(50286:50286): Datos de cliente.config: 
 IP: 127.0.0.1 
 CLAVE: valor 
 PUERTO: 4444
[INFO] 00:59:06:445 Loggito/(50503:50503): Log creado con exito en la carpeta client :)
[INFO] 00:59:32:063 Loggito/(50503:50503): Datos de cliente.config: 
 IP: 127.0.0.1 
 CLAVE: valor 
 PUERTO: 4444
[INFO] 01:07:46:141 Loggito/(50671:50671): Log creado con exito en la carpeta client :)
[INFO] 01:07:49:720 Loggito/(50671:50671): Datos de cliente.config: 
 IP: 127.0.0.1 
 CLAVE: valor 
 PUERTO: 4444
[INFO] 01:12:04:037 Loggito/(50808:50808): Log creado con exito en la carpeta client :)
[INFO] 01:12:12:076 Loggito/(50808:50808): Datos de cliente.config: 
 IP: 127.0.0.1 
 CLAVE: valor 
 PUERTO: 4444
[INFO] 01:12:27:226 Loggito/(50808:50808): Los caracteres ingresados por pantalla fueron:  1 

[INFO] 02:21:35:517 Loggito/(51802:51802): Log creado con exito en la carpeta client :)
[INFO] 02:21:35:554 Loggito/(51802:51802): Datos de cliente.config: 
 IP: 127.0.0.1 
 CLAVE: valor 
 PUERTO: 4444
[INFO] 02:48:23:081 Loggito/(51991:51991): Log creado con exito en la carpeta client :)
[INFO] 02:48:41:247 Loggito/(51991:51991): Datos de cliente.config: 
 IP: 127.0.0.1 
 CLAVE: valor 
 PUERTO: 4444
[INFO] 21:32:53:807 Loggito/(1626:1626): Log creado con exito en la carpeta client :)
[INFO] 21:32:53:863 Loggito/(1626:1626): Datos de cliente.config: 
 IP: 127.0.0.1 
 CLAVE: valor 
 PUERTO: 4444
